\BOOKMARK [1][-]{section.1}{\376\377\000K\000o\000n\000s\000e\000p\000\040\000d\000a\000n\000\040\000P\000e\000r\000a\000n\000\040\000K\0003\000L}{}% 1
\BOOKMARK [2][-]{section*.1}{\376\377\000J\000u\000d\000u\000l\000\040\000K\000a\000s\000u\000s}{section.1}% 2
\BOOKMARK [2][-]{subsection.1.1}{\376\377\000D\000e\000s\000k\000r\000i\000p\000s\000i\000\040\000S\000i\000t\000u\000a\000s\000i}{section.1}% 3
\BOOKMARK [2][-]{subsection.1.2}{\376\377\000A\000n\000a\000l\000i\000s\000i\000s\000\040\000K\000o\000n\000s\000e\000p\000\040\000K\0003\000L}{section.1}% 4
\BOOKMARK [3][-]{subsubsection.1.2.1}{\376\377\000K\000e\000a\000m\000a\000n\000a\000n\000\040\000\050\000S\000e\000c\000u\000r\000i\000t\000y\000\051}{subsection.1.2}% 5
\BOOKMARK [3][-]{subsubsection.1.2.2}{\376\377\000K\000e\000s\000e\000h\000a\000t\000a\000n\000\040\000K\000e\000r\000j\000a\000\040\000\050\000O\000c\000c\000u\000p\000a\000t\000i\000o\000n\000a\000l\000\040\000H\000e\000a\000l\000t\000h\000\051}{subsection.1.2}% 6
\BOOKMARK [3][-]{subsubsection.1.2.3}{\376\377\000K\000e\000s\000e\000l\000a\000m\000a\000t\000a\000n\000\040\000K\000e\000r\000j\000a\000\040\000\050\000O\000c\000c\000u\000p\000a\000t\000i\000o\000n\000a\000l\000\040\000S\000a\000f\000e\000t\000y\000\051}{subsection.1.2}% 7
\BOOKMARK [3][-]{subsubsection.1.2.4}{\376\377\000L\000i\000n\000g\000k\000u\000n\000g\000a\000n\000\040\000K\000e\000r\000j\000a\000\040\000\050\000W\000o\000r\000k\000\040\000E\000n\000v\000i\000r\000o\000n\000m\000e\000n\000t\000\051}{subsection.1.2}% 8
\BOOKMARK [2][-]{subsection.1.3}{\376\377\000P\000e\000r\000a\000n\000\040\000K\0003\000L\000\040\000d\000i\000\040\000I\000n\000d\000u\000s\000t\000r\000i}{section.1}% 9
\BOOKMARK [2][-]{subsection.1.4}{\376\377\000S\000t\000r\000a\000t\000e\000g\000i\000\040\000K\000o\000m\000u\000n\000i\000k\000a\000s\000i}{section.1}% 10
\BOOKMARK [3][-]{subsubsection.1.4.1}{\376\377\000I\000d\000e\000n\000t\000i\000f\000i\000k\000a\000s\000i\000\040\000S\000t\000a\000k\000e\000h\000o\000l\000d\000e\000r}{subsection.1.4}% 11
\BOOKMARK [3][-]{subsubsection.1.4.2}{\376\377\000M\000e\000t\000o\000d\000e\000\040\000K\000o\000m\000u\000n\000i\000k\000a\000s\000i}{subsection.1.4}% 12
\BOOKMARK [3][-]{subsubsection.1.4.3}{\376\377\000M\000e\000d\000i\000a\000\040\000d\000a\000n\000\040\000S\000a\000l\000u\000r\000a\000n\000\040\000K\000o\000m\000u\000n\000i\000k\000a\000s\000i}{subsection.1.4}% 13
\BOOKMARK [3][-]{subsubsection.1.4.4}{\376\377\000E\000v\000a\000l\000u\000a\000s\000i\000\040\000E\000f\000e\000k\000t\000i\000v\000i\000t\000a\000s\000\040\000K\000o\000m\000u\000n\000i\000k\000a\000s\000i}{subsection.1.4}% 14
\BOOKMARK [1][-]{section.2}{\376\377\000R\000e\000g\000u\000l\000a\000s\000i\000\040\000d\000a\000n\000\040\000S\000t\000a\000n\000d\000a\000r\000\040\000K\0003\000L}{}% 15
\BOOKMARK [2][-]{section*.2}{\376\377\000J\000u\000d\000u\000l\000\040\000K\000a\000s\000u\000s}{section.2}% 16
\BOOKMARK [2][-]{subsection.2.1}{\376\377\000A\000n\000a\000l\000i\000s\000i\000s\000\040\000K\000e\000t\000e\000r\000k\000a\000i\000t\000a\000n\000\040\000R\000e\000g\000u\000l\000a\000s\000i}{section.2}% 17
\BOOKMARK [3][-]{subsubsection.2.1.1}{\376\377\000R\000e\000g\000u\000l\000a\000s\000i\000\040\000N\000a\000s\000i\000o\000n\000a\000l}{subsection.2.1}% 18
\BOOKMARK [3][-]{subsubsection.2.1.2}{\376\377\000S\000t\000a\000n\000d\000a\000r\000\040\000I\000n\000t\000e\000r\000n\000a\000s\000i\000o\000n\000a\000l}{subsection.2.1}% 19
\BOOKMARK [3][-]{subsubsection.2.1.3}{\376\377\000S\000t\000a\000n\000d\000a\000r\000\040\000I\000n\000d\000u\000s\000t\000r\000i\000\040\000S\000p\000e\000s\000i\000f\000i\000k}{subsection.2.1}% 20
\BOOKMARK [3][-]{subsubsection.2.1.4}{\376\377\000A\000n\000a\000l\000i\000s\000i\000s\000\040\000K\000e\000p\000a\000t\000u\000h\000a\000n}{subsection.2.1}% 21
\BOOKMARK [2][-]{subsection.2.2}{\376\377\000L\000a\000n\000g\000k\000a\000h\000\040\000P\000e\000r\000b\000a\000i\000k\000a\000n\000\040\000S\000i\000s\000t\000e\000m}{section.2}% 22
\BOOKMARK [3][-]{subsubsection.2.2.1}{\376\377\000P\000e\000r\000b\000a\000i\000k\000a\000n\000\040\000J\000a\000n\000g\000k\000a\000\040\000P\000e\000n\000d\000e\000k\000\040\000\050\0000\000-\0003\000\040\000b\000u\000l\000a\000n\000\051}{subsection.2.2}% 23
\BOOKMARK [3][-]{subsubsection.2.2.2}{\376\377\000P\000e\000r\000b\000a\000i\000k\000a\000n\000\040\000J\000a\000n\000g\000k\000a\000\040\000M\000e\000n\000e\000n\000g\000a\000h\000\040\000\050\0003\000-\0006\000\040\000b\000u\000l\000a\000n\000\051}{subsection.2.2}% 24
\BOOKMARK [3][-]{subsubsection.2.2.3}{\376\377\000P\000e\000r\000b\000a\000i\000k\000a\000n\000\040\000J\000a\000n\000g\000k\000a\000\040\000P\000a\000n\000j\000a\000n\000g\000\040\000\050\0006\000-\0001\0002\000\040\000b\000u\000l\000a\000n\000\051}{subsection.2.2}% 25
\BOOKMARK [3][-]{subsubsection.2.2.4}{\376\377\000R\000e\000n\000c\000a\000n\000a\000\040\000I\000m\000p\000l\000e\000m\000e\000n\000t\000a\000s\000i}{subsection.2.2}% 26
\BOOKMARK [2][-]{subsection.2.3}{\376\377\000P\000e\000r\000a\000n\000\040\000K\000o\000m\000u\000n\000i\000k\000a\000s\000i\000\040\000d\000a\000n\000\040\000P\000e\000l\000a\000t\000i\000h\000a\000n}{section.2}% 27
\BOOKMARK [3][-]{subsubsection.2.3.1}{\376\377\000P\000e\000r\000a\000n\000\040\000K\000o\000m\000u\000n\000i\000k\000a\000s\000i\000\040\000d\000a\000l\000a\000m\000\040\000I\000m\000p\000l\000e\000m\000e\000n\000t\000a\000s\000i\000\040\000R\000e\000g\000u\000l\000a\000s\000i}{subsection.2.3}% 28
\BOOKMARK [3][-]{subsubsection.2.3.2}{\376\377\000P\000r\000o\000g\000r\000a\000m\000\040\000P\000e\000l\000a\000t\000i\000h\000a\000n\000\040\000K\0003\000L}{subsection.2.3}% 29
\BOOKMARK [3][-]{subsubsection.2.3.3}{\376\377\000E\000v\000a\000l\000u\000a\000s\000i\000\040\000E\000f\000e\000k\000t\000i\000v\000i\000t\000a\000s\000\040\000K\000o\000m\000u\000n\000i\000k\000a\000s\000i\000\040\000d\000a\000n\000\040\000P\000e\000l\000a\000t\000i\000h\000a\000n}{subsection.2.3}% 30
\BOOKMARK [1][-]{section.3}{\376\377\000I\000d\000e\000n\000t\000i\000f\000i\000k\000a\000s\000i\000\040\000B\000a\000h\000a\000y\000a\000\040\000d\000a\000n\000\040\000A\000n\000a\000l\000i\000s\000i\000s\000\040\000R\000i\000s\000i\000k\000o}{}% 31
\BOOKMARK [2][-]{subsection.3.1}{\376\377\000I\000d\000e\000n\000t\000i\000f\000i\000k\000a\000s\000i\000\040\000J\000e\000n\000i\000s\000\040\000B\000a\000h\000a\000y\000a}{section.3}% 32
\BOOKMARK [3][-]{subsubsection.3.1.1}{\376\377\000B\000a\000h\000a\000y\000a\000\040\000F\000i\000s\000i\000k\000\040\000\050\000P\000h\000y\000s\000i\000c\000a\000l\000\040\000H\000a\000z\000a\000r\000d\000s\000\051}{subsection.3.1}% 33
\BOOKMARK [3][-]{subsubsection.3.1.2}{\376\377\000B\000a\000h\000a\000y\000a\000\040\000K\000i\000m\000i\000a\000\040\000\050\000C\000h\000e\000m\000i\000c\000a\000l\000\040\000H\000a\000z\000a\000r\000d\000s\000\051}{subsection.3.1}% 34
\BOOKMARK [3][-]{subsubsection.3.1.3}{\376\377\000B\000a\000h\000a\000y\000a\000\040\000B\000i\000o\000l\000o\000g\000i\000\040\000\050\000B\000i\000o\000l\000o\000g\000i\000c\000a\000l\000\040\000H\000a\000z\000a\000r\000d\000s\000\051}{subsection.3.1}% 35
\BOOKMARK [3][-]{subsubsection.3.1.4}{\376\377\000B\000a\000h\000a\000y\000a\000\040\000E\000r\000g\000o\000n\000o\000m\000i\000\040\000\050\000E\000r\000g\000o\000n\000o\000m\000i\000c\000\040\000H\000a\000z\000a\000r\000d\000s\000\051}{subsection.3.1}% 36
\BOOKMARK [3][-]{subsubsection.3.1.5}{\376\377\000B\000a\000h\000a\000y\000a\000\040\000P\000s\000i\000k\000o\000s\000o\000s\000i\000a\000l\000\040\000\050\000P\000s\000y\000c\000h\000o\000s\000o\000c\000i\000a\000l\000\040\000H\000a\000z\000a\000r\000d\000s\000\051}{subsection.3.1}% 37
\BOOKMARK [3][-]{subsubsection.3.1.6}{\376\377\000B\000a\000h\000a\000y\000a\000\040\000M\000e\000k\000a\000n\000i\000k\000\040\000\050\000M\000e\000c\000h\000a\000n\000i\000c\000a\000l\000\040\000H\000a\000z\000a\000r\000d\000s\000\051}{subsection.3.1}% 38
\BOOKMARK [3][-]{subsubsection.3.1.7}{\376\377\000B\000a\000h\000a\000y\000a\000\040\000L\000i\000s\000t\000r\000i\000k\000\040\000\050\000E\000l\000e\000c\000t\000r\000i\000c\000a\000l\000\040\000H\000a\000z\000a\000r\000d\000s\000\051}{subsection.3.1}% 39
\BOOKMARK [2][-]{subsection.3.2}{\376\377\000A\000n\000a\000l\000i\000s\000i\000s\000\040\000R\000i\000s\000i\000k\000o}{section.3}% 40
\BOOKMARK [3][-]{subsubsection.3.2.1}{\376\377\000M\000e\000t\000o\000d\000e\000\040\000P\000e\000n\000i\000l\000a\000i\000a\000n\000\040\000R\000i\000s\000i\000k\000o}{subsection.3.2}% 41
\BOOKMARK [3][-]{subsubsection.3.2.2}{\376\377\000T\000a\000b\000e\000l\000\040\000A\000n\000a\000l\000i\000s\000i\000s\000\040\000R\000i\000s\000i\000k\000o}{subsection.3.2}% 42
\BOOKMARK [3][-]{subsubsection.3.2.3}{\376\377\000R\000i\000s\000k\000\040\000M\000a\000t\000r\000i\000x}{subsection.3.2}% 43
\BOOKMARK [2][-]{subsection.3.3}{\376\377\000A\000l\000a\000t\000\040\000B\000a\000n\000t\000u\000\040\000I\000d\000e\000n\000t\000i\000f\000i\000k\000a\000s\000i\000\040\000B\000a\000h\000a\000y\000a}{section.3}% 44
\BOOKMARK [3][-]{subsubsection.3.3.1}{\376\377\000M\000e\000t\000o\000d\000e\000\040\000I\000d\000e\000n\000t\000i\000f\000i\000k\000a\000s\000i\000\040\000B\000a\000h\000a\000y\000a}{subsection.3.3}% 45
\BOOKMARK [3][-]{subsubsection.3.3.2}{\376\377\000T\000o\000o\000l\000s\000\040\000d\000a\000n\000\040\000T\000e\000k\000n\000o\000l\000o\000g\000i\000\040\000P\000e\000n\000d\000u\000k\000u\000n\000g}{subsection.3.3}% 46
\BOOKMARK [3][-]{subsubsection.3.3.3}{\376\377\000D\000o\000k\000u\000m\000e\000n\000t\000a\000s\000i\000\040\000d\000a\000n\000\040\000P\000e\000l\000a\000p\000o\000r\000a\000n}{subsection.3.3}% 47
\BOOKMARK [1][-]{section.4}{\376\377\000P\000e\000n\000e\000r\000a\000p\000a\000n\000\040\000S\000O\000P\000\040\000d\000a\000n\000\040\000S\000i\000k\000a\000p\000\040\000A\000k\000a\000d\000e\000m\000i\000k}{}% 48
\BOOKMARK [2][-]{subsection.4.1}{\376\377\000R\000a\000n\000c\000a\000n\000g\000a\000n\000\040\000S\000i\000n\000g\000k\000a\000t\000\040\000S\000O\000P}{section.4}% 49
\BOOKMARK [3][-]{subsubsection.4.1.1}{\376\377\000I\000n\000f\000o\000r\000m\000a\000s\000i\000\040\000U\000m\000u\000m\000\040\000S\000O\000P}{subsection.4.1}% 50
\BOOKMARK [3][-]{subsubsection.4.1.2}{\376\377\000T\000u\000j\000u\000a\000n\000\040\000S\000O\000P}{subsection.4.1}% 51
\BOOKMARK [3][-]{subsubsection.4.1.3}{\376\377\000R\000u\000a\000n\000g\000\040\000L\000i\000n\000g\000k\000u\000p}{subsection.4.1}% 52
\BOOKMARK [3][-]{subsubsection.4.1.4}{\376\377\000D\000e\000f\000i\000n\000i\000s\000i\000\040\000d\000a\000n\000\040\000I\000s\000t\000i\000l\000a\000h}{subsection.4.1}% 53
\BOOKMARK [3][-]{subsubsection.4.1.5}{\376\377\000R\000e\000f\000e\000r\000e\000n\000s\000i}{subsection.4.1}% 54
\BOOKMARK [3][-]{subsubsection.4.1.6}{\376\377\000P\000r\000o\000s\000e\000d\000u\000r\000\040\000K\000e\000r\000j\000a}{subsection.4.1}% 55
\BOOKMARK [3][-]{subsubsection.4.1.7}{\376\377\000A\000P\000D\000\040\000y\000a\000n\000g\000\040\000D\000i\000p\000e\000r\000l\000u\000k\000a\000n}{subsection.4.1}% 56
\BOOKMARK [3][-]{subsubsection.4.1.8}{\376\377\000K\000o\000n\000d\000i\000s\000i\000\040\000D\000a\000r\000u\000r\000a\000t}{subsection.4.1}% 57
\BOOKMARK [3][-]{subsubsection.4.1.9}{\376\377\000R\000e\000v\000i\000e\000w\000\040\000d\000a\000n\000\040\000U\000p\000d\000a\000t\000e\000\040\000S\000O\000P}{subsection.4.1}% 58
\BOOKMARK [2][-]{subsection.4.2}{\376\377\000S\000i\000k\000a\000p\000\040\000A\000k\000a\000d\000e\000m\000i\000k\000\040\000d\000a\000n\000\040\000K\000o\000m\000u\000n\000i\000k\000a\000t\000i\000f}{section.4}% 59
\BOOKMARK [3][-]{subsubsection.4.2.1}{\376\377\000R\000e\000f\000l\000e\000k\000s\000i\000\040\000P\000r\000o\000s\000e\000s\000\040\000P\000e\000m\000b\000e\000l\000a\000j\000a\000r\000a\000n}{subsection.4.2}% 60
\BOOKMARK [3][-]{subsubsection.4.2.2}{\376\377\000S\000i\000k\000a\000p\000\040\000A\000k\000t\000i\000f\000\040\000d\000a\000l\000a\000m\000\040\000P\000e\000m\000b\000e\000l\000a\000j\000a\000r\000a\000n}{subsection.4.2}% 61
\BOOKMARK [3][-]{subsubsection.4.2.3}{\376\377\000S\000i\000k\000a\000p\000\040\000A\000n\000a\000l\000i\000t\000i\000s\000\040\000d\000a\000n\000\040\000I\000n\000o\000v\000a\000t\000i\000f}{subsection.4.2}% 62
\BOOKMARK [3][-]{subsubsection.4.2.4}{\376\377\000K\000e\000m\000a\000m\000p\000u\000a\000n\000\040\000K\000o\000m\000u\000n\000i\000k\000a\000s\000i}{subsection.4.2}% 63
\BOOKMARK [3][-]{subsubsection.4.2.5}{\376\377\000T\000a\000n\000g\000g\000u\000n\000g\000\040\000J\000a\000w\000a\000b\000\040\000A\000k\000a\000d\000e\000m\000i\000k}{subsection.4.2}% 64
\BOOKMARK [3][-]{subsubsection.4.2.6}{\376\377\000E\000v\000a\000l\000u\000a\000s\000i\000\040\000D\000i\000r\000i\000\040\000d\000a\000n\000\040\000R\000e\000n\000c\000a\000n\000a\000\040\000P\000e\000n\000g\000e\000m\000b\000a\000n\000g\000a\000n}{subsection.4.2}% 65
\BOOKMARK [1][-]{section*.3}{\376\377\000D\000A\000F\000T\000A\000R\000\040\000P\000U\000S\000T\000A\000K\000A}{}% 66
\BOOKMARK [1][-]{section*.3}{\376\377\000L\000A\000M\000P\000I\000R\000A\000N}{}% 67
